<?xml version="1.0" encoding="UTF-8"?>
<!-- Generated by org.testng.reporters.JUnitXMLReporter -->
<testsuite hostname="Jerome" ignored="0" name="Login Test Case" tests="4" failures="0" timestamp="2019-11-08T18:20:03 IST" time="68.182" errors="0">
  <testcase name="correctusername" time="16.305" classname="logintestcase.CorrectUserName"/>
  <testcase name="correctpassword" time="8.974" classname="logintestcase.CorrectPassword"/>
  <testcase name="bothincorrect" time="9.839" classname="logintestcase.BothIncorrect"/>
  <testcase name="bothcorrect" time="32.99" classname="logintestcase.BothCorrect"/>
</testsuite> <!-- Login Test Case -->
